parity 1240
parity 1344
data[0:1132]
parity 2264
parity 2368
data[0:2156]
parity 4312
parity 4416
data[0:4204]
parity 8408
parity 8512
data[0:8300]
parity 16602
parity 16707
data[0:16493]
parity 32986
parity 33091
data[0:32877]
parity 65754
parity 65859
data[0:65645]
parity 131290
parity 131395
data[0:131181]
parity 262253
parity 262358
data[0:262144 1:109]
parity 262253
parity 262358
data[0:262144 1:262144 2:202]
parity 524490
parity 524580
data[0:524288 1:524288 2:302]
parity 786684
parity 786774
data[0:786432 1:786432 2:524792]
parity 1311072
parity 1311162
data[0:1310720 1:1310720 2:1310720 3:263048]
parity 2359850
parity 2359941
data[0:2359296 1:2359296 2:2359296 3:1312425]
parity 4457402
parity 4457493
data[0:4456448 1:4456448 2:4456448 3:3411177]
parity 8652507
parity 8652598
data[0:8650752 1:8650752 2:8650752 3:7608681]
parity 17042715
parity 17042806
data[0:17039360 1:17039360 2:16785926 3:16257242]
parity 33823131
parity 33823222
data[0:33816576 1:33563142 2:33563142 3:33300752]
parity 67139358
parity 67139449
data[0:67117574 1:67117574 2:67126284 3:67125690]
parity 134277208
parity 134277299
data[0:134235148 1:134243858 2:134243858 3:134251274]
parity 134269792
parity 134269883
parity 134275991
parity 134276082
data[0:134235148 1:134243858 2:134243858 3:134243858 4:134243858 5:134243858 6:134243858 7:134249875]