ADD File0 bafkreifwsdh2qffp22ha5ljs2h7hodo3zjdlm7bjb47j2236p2tmh5zq7q ShardSize:393216, DataShards:1, ParityShards:4, RSTime:12.851µs, OtherTime:347.513611ms, TotalDataSize:1132, TotalDataAndParitySize:5660, RSRate:8.808653023111042e+07, ToTalDataRate:3257.304545728481
BatchRecon File0-0 rs_recon_time_diff:93.968µs, rs_recon_size_diff:1132, rs_recon_rate_diff:12026560.424967
ECReConstruct File0 recon_total_time_diff:0.097300428s, recon_getdata_time_diff:0.021380392s, recon_repin_time_diff:0.075920036s, recon_total_size_diff:5660, recon_data_size_diff:4528, recon_repin_size_diff:1132, recon_total_rate_diff:58170.35049424449, recon_data_rate_diff:211782.8335420604, recon_repin_rate_diff:14910.424963444433
Unpin File0 use 69.717057ms

ADD File1 bafkreihxjov6earwwbtyqeicxzdchxodbjg75mrzuxtv5r7lbyw226dwz4 ShardSize:393216, DataShards:1, ParityShards:4, RSTime:14.3µs, OtherTime:584.82934ms, TotalDataSize:2156, TotalDataAndParitySize:10780, RSRate:1.5076923076923075e+08, ToTalDataRate:3686.4549739048316
BatchRecon File1-0 rs_recon_time_diff:70.529µs, rs_recon_size_diff:2156, rs_recon_rate_diff:30544300.569518
ECReConstruct File1 recon_total_time_diff:0.155819406s, recon_getdata_time_diff:0.077373199s, recon_repin_time_diff:0.07844620699999999s, recon_total_size_diff:10780, recon_data_size_diff:8624, recon_repin_size_diff:2156, recon_total_rate_diff:69182.65366766961, recon_data_rate_diff:111459.78338054757, recon_repin_rate_diff:27483.80173435282
Unpin File1 use 87.157417ms

ADD File2 bafkreib6rwr2x34b74atyqzo4imp74oi4ge4z6oac3w43vqg7clswexr7y ShardSize:393216, DataShards:1, ParityShards:4, RSTime:6.249µs, OtherTime:1.205975617s, TotalDataSize:4204, TotalDataAndParitySize:21020, RSRate:6.727476396223396e+08, ToTalDataRate:3485.9558607970393
BatchRecon File2-0 rs_recon_time_diff:98.147µs, rs_recon_size_diff:4204, rs_recon_rate_diff:42749644.091926
ECReConstruct File2 recon_total_time_diff:0.182420576s, recon_getdata_time_diff:0.108030983s, recon_repin_time_diff:0.074389593s, recon_total_size_diff:21020, recon_data_size_diff:16816, recon_repin_size_diff:4204, recon_total_rate_diff:115228.22951726674, recon_data_rate_diff:155659.04829358074, recon_repin_rate_diff:56513.28136719339
Unpin File2 use 50.097781ms

ADD File3 bafkreihy2znllst4ts3pm6pcvzbjjmjf7bbhdm53weyjp7yao2ws2aclgy ShardSize:393216, DataShards:1, ParityShards:4, RSTime:7.905µs, OtherTime:848.401178ms, TotalDataSize:8300, TotalDataAndParitySize:41500, RSRate:1.0499683744465529e+09, ToTalDataRate:9783.01591304897
BatchRecon File3-0 rs_recon_time_diff:108.6µs, rs_recon_size_diff:8300, rs_recon_rate_diff:76357648.184436
ECReConstruct File3 recon_total_time_diff:0.745955612s, recon_getdata_time_diff:0.492933543s, recon_repin_time_diff:0.25302206900000007s, recon_total_size_diff:41500, recon_data_size_diff:33200, recon_repin_size_diff:8300, recon_total_rate_diff:55633.33706778252, recon_data_rate_diff:67351.87830380617, recon_repin_rate_diff:32803.46268925656
Unpin File3 use 75.917214ms

ADD File4 bafkreiewjk6om2rplu6pdbn7bjxcvam7msxjoyq2cynfts5qe6noqi5twq ShardSize:393216, DataShards:1, ParityShards:4, RSTime:6.712µs, OtherTime:890.933169ms, TotalDataSize:16493, TotalDataAndParitySize:82465, RSRate:2.4572407628128724e+09, ToTalDataRate:18511.909310738818
BatchRecon File4-0 rs_recon_time_diff:128.16µs, rs_recon_size_diff:16493, rs_recon_rate_diff:128623456.838263
ECReConstruct File4 recon_total_time_diff:0.820338247s, recon_getdata_time_diff:0.749383558s, recon_repin_time_diff:0.07095468900000002s, recon_total_size_diff:82465, recon_data_size_diff:82465, recon_repin_size_diff:0, recon_total_rate_diff:100525.60672573395, recon_data_rate_diff:110043.78081110767, recon_repin_rate_diff:0
Unpin File4 use 55.70058ms

ADD File5 bafkreicy2gbzgx7jrel3oet56akeq7h6jwcqs46z5hqhnlhpxzvoiv636e ShardSize:393216, DataShards:1, ParityShards:4, RSTime:10.142µs, OtherTime:416.900335ms, TotalDataSize:32877, TotalDataAndParitySize:164385, RSRate:3.241668309998028e+09, ToTalDataRate:78858.62732739629
BatchRecon File5-0 rs_recon_time_diff:293.042µs, rs_recon_size_diff:32877, rs_recon_rate_diff:112132415.637214
ECReConstruct File5 recon_total_time_diff:0.255712637s, recon_getdata_time_diff:0.010655117s, recon_repin_time_diff:0.24505752000000003s, recon_total_size_diff:164385, recon_data_size_diff:131508, recon_repin_size_diff:32877, recon_total_rate_diff:642850.513484791, recon_data_rate_diff:1.2342238944912571e+07, recon_repin_rate_diff:134160.33917261547
Unpin File5 use 79.814748ms

ADD File6 bafkreieipceafekrcrlvnigpt6mtlq7hz5e6t5u3ykh5be6qzxsav4gdym ShardSize:393216, DataShards:1, ParityShards:4, RSTime:15.046µs, OtherTime:1.62564469s, TotalDataSize:65645, TotalDataAndParitySize:328225, RSRate:4.362953608932607e+09, ToTalDataRate:40380.52383798021
BatchRecon File6-0 rs_recon_time_diff:324.715µs, rs_recon_size_diff:65645, rs_recon_rate_diff:202109612.406442
ECReConstruct File6 recon_total_time_diff:0.962716169s, recon_getdata_time_diff:0.721830927s, recon_repin_time_diff:0.24088524200000005s, recon_total_size_diff:328225, recon_data_size_diff:262580, recon_repin_size_diff:65645, recon_total_rate_diff:340936.4157048867, recon_data_rate_diff:363769.39554433915, recon_repin_rate_diff:272515.65706129884
Unpin File6 use 65.102822ms

ADD File7 bafkreiabypo2pducto464dbhezt76xmebyetvc6tpzxnxl2mhoxmpufgpq ShardSize:393216, DataShards:1, ParityShards:4, RSTime:22.684µs, OtherTime:482.644908ms, TotalDataSize:131181, TotalDataAndParitySize:655905, RSRate:5.782974783988714e+09, ToTalDataRate:271783.26974738244
BatchRecon File7-0 rs_recon_time_diff:686.545µs, rs_recon_size_diff:131181, rs_recon_rate_diff:191034634.411311
ECReConstruct File7 recon_total_time_diff:0.203145933s, recon_getdata_time_diff:0.077161005s, recon_repin_time_diff:0.125984928s, recon_total_size_diff:655905, recon_data_size_diff:524724, recon_repin_size_diff:131181, recon_total_rate_diff:3.228738032377936e+06, recon_data_rate_diff:6.800377988855899e+06, recon_repin_rate_diff:1.0412436001868414e+06
Unpin File7 use 54.242571ms

ADD File8 bafkreidkldjmjxvjyeakazpkwifnqrtqhin5jlzemsxjktwff4q6m3o6uu ShardSize:393216, DataShards:1, ParityShards:4, RSTime:53.764µs, OtherTime:1.761132303s, TotalDataSize:262253, TotalDataAndParitySize:1311265, RSRate:4.877855070307268e+09, ToTalDataRate:148907.03140049294
BatchRecon File8-0 rs_recon_time_diff:1.49169ms, rs_recon_size_diff:262253, rs_recon_rate_diff:175796117.715354
ECReConstruct File8 recon_total_time_diff:0.277660961s, recon_getdata_time_diff:0.030799014s, recon_repin_time_diff:0.24686194699999997s, recon_total_size_diff:1311265, recon_data_size_diff:1049012, recon_repin_size_diff:262253, recon_total_rate_diff:4.722540018868552e+06, recon_data_rate_diff:3.405992152865673e+07, recon_repin_rate_diff:1.0623468022797375e+06
Unpin File8 use 57.073915ms

ADD File9 QmNW54pYNBehpRnpPKQGhrmx2eZXVotPz7mJzqbmYfwBbf ShardSize:393216, DataShards:2, ParityShards:4, RSTime:110.711µs, OtherTime:1.573018896s, TotalDataSize:524490, TotalDataAndParitySize:1573874, RSRate:4.737469628130899e+09, ToTalDataRate:333405.4284670243
BatchRecon File9-0 rs_recon_time_diff:2.330817ms, rs_recon_size_diff:524490, rs_recon_rate_diff:222834397.109938
ECReConstruct File9 recon_total_time_diff:0.410234409s, recon_getdata_time_diff:0.28342769s, recon_repin_time_diff:0.126806719s, recon_total_size_diff:1573874, recon_data_size_diff:1049384, recon_repin_size_diff:524490, recon_total_rate_diff:3.8365236203284934e+06, recon_data_rate_diff:3.7024752239274858e+06, recon_repin_rate_diff:4.136137297267347e+06
Unpin File9 use 57.583411ms

ADD File10 Qmf39fBnoiyMMfWULaxDoBogdbqmAgXXuh4BoSPAtLhHEG ShardSize:393216, DataShards:4, ParityShards:4, RSTime:817.555µs, OtherTime:2.451666182s, TotalDataSize:1048878, TotalDataAndParitySize:2098662, RSRate:1.2829448783262289e+09, ToTalDataRate:427679.8774033771
BatchRecon File10-0 rs_recon_time_diff:904.161µs, rs_recon_size_diff:1048878, rs_recon_rate_diff:1159945059.320010
ECReConstruct File10 recon_total_time_diff:0.373732236s, recon_getdata_time_diff:0.231164293s, recon_repin_time_diff:0.142567943s, recon_total_size_diff:2098662, recon_data_size_diff:1574374, recon_repin_size_diff:524288, recon_total_rate_diff:5.615416059534132e+06, recon_data_rate_diff:6.810627971855498e+06, recon_repin_rate_diff:3.6774606476576575e+06
Unpin File10 use 74.042495ms

ADD File11 QmZyBDgdvvfdxFa2J1DYJPvC6j7gPst8nqW9TB3psLmHZk ShardSize:393216, DataShards:8, ParityShards:4, RSTime:652.335µs, OtherTime:1.955789365s, TotalDataSize:2097656, TotalDataAndParitySize:3148248, RSRate:3.215611610598849e+09, ToTalDataRate:1.0721791017723964e+06
BatchRecon File11-0 rs_recon_time_diff:2.211796ms, rs_recon_size_diff:2097656, rs_recon_rate_diff:948343427.146420
ECReConstruct File11 recon_total_time_diff:1.285003241s, recon_getdata_time_diff:0.337552424s, recon_repin_time_diff:0.947450817s, recon_total_size_diff:3148248, recon_data_size_diff:2098664, recon_repin_size_diff:1049584, recon_total_rate_diff:2.449992264260756e+06, recon_data_rate_diff:6.2172979685075525e+06, recon_repin_rate_diff:1.1077978731639006e+06
Unpin File11 use 128.587322ms

ADD File12 QmXfFtf2rFVhhgorRutsNXghquBkZS5J9sSF86hjaeaK8g ShardSize:655360, DataShards:8, ParityShards:4, RSTime:724.852µs, OtherTime:2.914289269s, TotalDataSize:4195208, TotalDataAndParitySize:6295976, RSRate:5.7876752771600275e+09, ToTalDataRate:1.4391724154703177e+06
BatchRecon File12-0 rs_recon_time_diff:2.420497ms, rs_recon_size_diff:4195208, rs_recon_rate_diff:1733117299.990829
ECReConstruct File12 recon_total_time_diff:1.036510805s, recon_getdata_time_diff:0.312186608s, recon_repin_time_diff:0.7243241970000001s, recon_total_size_diff:6295976, recon_data_size_diff:4722208, recon_repin_size_diff:1573768, recon_total_rate_diff:6.074201995414799e+06, recon_data_rate_diff:1.5126235011336554e+07, recon_repin_rate_diff:2.1727397849170566e+06
Unpin File12 use 120.412204ms

ADD File13 QmSdNFH4srknLUK8RE3kVN9aMzHUbi2vyFrQhcfKj8AAMG ShardSize:1179648, DataShards:8, ParityShards:4, RSTime:2.571545ms, OtherTime:5.0870301s, TotalDataSize:8390313, TotalDataAndParitySize:12591437, RSRate:3.2627517698504205e+09, ToTalDataRate:1.648520502964003e+06
BatchRecon File13-0 rs_recon_time_diff:5.622248ms, rs_recon_size_diff:8390313, rs_recon_rate_diff:1492299647.570746
ECReConstruct File13 recon_total_time_diff:2.874185729s, recon_getdata_time_diff:1.921137781s, recon_repin_time_diff:0.953047948s, recon_total_size_diff:12591437, recon_data_size_diff:9445709, recon_repin_size_diff:3145728, recon_total_rate_diff:4.38087103173422e+06, recon_data_rate_diff:4.916726480223232e+06, recon_repin_rate_diff:3.300702767999664e+06
Unpin File13 use 164.351208ms

ADD File14 QmR3keDJgymnTiNtnmavQupdutpo5AC7y16n7WkB3LBjdk ShardSize:1966080, DataShards:10, ParityShards:4, RSTime:24.035301ms, OtherTime:5.315381982s, TotalDataSize:16780521, TotalDataAndParitySize:24120553, RSRate:6.981614667525903e+08, ToTalDataRate:3.142762507118663e+06
BatchRecon File14-0 rs_recon_time_diff:6.020086ms, rs_recon_size_diff:16780521, rs_recon_rate_diff:2787340650.622847
ECReConstruct File14 recon_total_time_diff:1.454437813s, recon_getdata_time_diff:1.148351973s, recon_repin_time_diff:0.30608583999999994s, recon_total_size_diff:24120553, recon_data_size_diff:16780521, recon_repin_size_diff:7340032, recon_total_rate_diff:1.6584107470533703e+07, recon_data_rate_diff:1.4612698366478968e+07, recon_repin_rate_diff:2.3980305655433133e+07
Unpin File14 use 213.230706ms

ADD File15 QmZTJXotnH42nU3Gg14W9rxJv3rg1MPhQEteNyA8phdbAq ShardSize:3538944, DataShards:10, ParityShards:4, RSTime:42.948011ms, OtherTime:6.872801937s, TotalDataSize:33560937, TotalDataAndParitySize:47192425, RSRate:7.814316942407414e+08, ToTalDataRate:4.85282672486912e+06
BatchRecon File15-0 rs_recon_time_diff:9.517885ms, rs_recon_size_diff:33560937, rs_recon_rate_diff:3526022602.056383
ECReConstruct File15 recon_total_time_diff:4.178872765s, recon_getdata_time_diff:2.757986809s, recon_repin_time_diff:1.4208859560000002s, recon_total_size_diff:47192425, recon_data_size_diff:33560937, recon_repin_size_diff:13631488, recon_total_rate_diff:1.129309927673761e+07, recon_data_rate_diff:1.2168635792775469e+07, recon_repin_rate_diff:9.593653834382748e+06
Unpin File15 use 151.643768ms

ADD File16 QmXrjnwNx5ihQzBjCLEGE76qExgQpCHaXUK5xXAYquAYpU ShardSize:6946816, DataShards:10, ParityShards:4, RSTime:95.91458ms, OtherTime:9.08191883s, TotalDataSize:67121888, TotalDataAndParitySize:94419704, RSRate:6.998090175654212e+08, ToTalDataRate:7.313478471229004e+06
BatchRecon File16-0 rs_recon_time_diff:37.298371ms, rs_recon_size_diff:67121888, rs_recon_rate_diff:1799585345.588686
ECReConstruct File16 recon_total_time_diff:11.36432801s, recon_getdata_time_diff:7.452136772s, recon_repin_time_diff:3.9121912379999992s, recon_total_size_diff:94419704, recon_data_size_diff:67148018, recon_repin_size_diff:27271686, recon_total_rate_diff:8.308428260510935e+06, recon_data_rate_diff:9.01057241089509e+06, recon_repin_rate_diff:6.970949102667564e+06
Unpin File16 use 139.597941ms

ADD File17 QmeTdEKQ9xjQcLAMAF6KTB9s4MG2uUPMoS21wvHFqo8Woj ShardSize:13762560, DataShards:10, ParityShards:4, RSTime:208.808697ms, OtherTime:15.87718026s, TotalDataSize:134243612, TotalDataAndParitySize:188804404, RSRate:6.429023978824024e+08, ToTalDataRate:8.3453750963027505e+06
BatchRecon File17-0 rs_recon_time_diff:148.849701ms, rs_recon_size_diff:134243612, rs_recon_rate_diff:901872611.771351
ECReConstruct File17 recon_total_time_diff:20.156378931s, recon_getdata_time_diff:16.579260598s, recon_repin_time_diff:3.577118332999998s, recon_total_size_diff:188804404, recon_data_size_diff:134269742, recon_repin_size_diff:54534662, recon_total_rate_diff:9.366980281841379e+06, recon_data_rate_diff:8.098656825274663e+06, recon_repin_rate_diff:1.5245417378816145e+07
Unpin File17 use 134.984732ms

ADD File18 QmSehNRqYmGpCkvmGPXoGUtAZZ62hvnKsVmA66mQw2Dbkx ShardSize:27131904, DataShards:10, ParityShards:4, RSTime:255.190856ms, OtherTime:39.981291213s, TotalDataSize:268487122, TotalDataAndParitySize:376525290, RSRate:1.0521032226954087e+09, ToTalDataRate:6.672728511539257e+06
BatchRecon File18-0 rs_recon_time_diff:242.6552ms, rs_recon_size_diff:268487122, rs_recon_rate_diff:1106453831.114894
ECReConstruct File18 recon_total_time_diff:42.000163948s, recon_getdata_time_diff:30.503785872999998s, recon_repin_time_diff:11.496378075000003s, recon_total_size_diff:376525290, recon_data_size_diff:268504542, recon_repin_size_diff:108020748, recon_total_rate_diff:8.964852862626258e+06, recon_data_rate_diff:8.802334999265224e+06, recon_repin_rate_diff:9.396067813296925e+06
Unpin File18 use 153.039866ms
