ShardSize:393216, DataShards:1, ParityShards:4, RSTime:5.114µs, OtherTime:361.473662ms, TotalDataSize:1132, TotalDataAndParitySize:5660, RSRate:2.21353148220571e+08, ToTalDataRate:3131.5779909179923
rs_recon_time_diff:68.089µs, rs_recon_size_diff:1132, rs_recon_rate_diff:16594347.367187
recon_total_time_diff:0.095181985s, recon_getdata_time_diff:0.012664812s, recon_repin_time_diff:0.082517173s, recon_total_size_diff:5660, recon_data_size_diff:4528, recon_repin_size_diff:1132, recon_total_rate_diff:59465.034270928474, recon_data_rate_diff:357526.03354870173, recon_repin_rate_diff:13718.356541371091
Unpin File0:53.845683ms
ShardSize:393216, DataShards:1, ParityShards:4, RSTime:6.101µs, OtherTime:620.193342ms, TotalDataSize:2156, TotalDataAndParitySize:10780, RSRate:3.533846910342567e+08, ToTalDataRate:3476.30073172567
rs_recon_time_diff:248.113µs, rs_recon_size_diff:2156, rs_recon_rate_diff:8683359.445167
recon_total_time_diff:0.136659477s, recon_getdata_time_diff:0.039314635s, recon_repin_time_diff:0.097344842s, recon_total_size_diff:10780, recon_data_size_diff:8624, recon_repin_size_diff:2156, recon_total_rate_diff:78882.19856131895, recon_data_rate_diff:219358.51623701962, recon_repin_rate_diff:22148.066150233208
Unpin File1:68.3823ms
ShardSize:393216, DataShards:1, ParityShards:4, RSTime:5.609µs, OtherTime:1.125186927s, TotalDataSize:4204, TotalDataAndParitySize:21020, RSRate:7.495097165270102e+08, ToTalDataRate:3736.2490437859774
rs_recon_time_diff:60.01µs, rs_recon_size_diff:4204, rs_recon_rate_diff:69983852.441278
recon_total_time_diff:0.087909641s, recon_getdata_time_diff:0.001800021s, recon_repin_time_diff:0.08610962s, recon_total_size_diff:21020, recon_data_size_diff:16816, recon_repin_size_diff:4204, recon_total_rate_diff:239109.15527456198, recon_data_rate_diff:9.342113230901195e+06, recon_repin_rate_diff:48821.49056052042
Unpin File2:49.619081ms
ShardSize:393216, DataShards:1, ParityShards:4, RSTime:5.468µs, OtherTime:439.939729ms, TotalDataSize:8300, TotalDataAndParitySize:41500, RSRate:1.5179224579370885e+09, ToTalDataRate:18865.981619537826
rs_recon_time_diff:96.471µs, rs_recon_size_diff:8300, rs_recon_rate_diff:85945347.043169
recon_total_time_diff:0.262606439s, recon_getdata_time_diff:0.01261826s, recon_repin_time_diff:0.24998817900000003s, recon_total_size_diff:41500, recon_data_size_diff:33200, recon_repin_size_diff:8300, recon_total_rate_diff:158031.15931974538, recon_data_rate_diff:2.6311076170565514e+06, recon_repin_rate_diff:33201.56990303129
Unpin File3:49.305897ms
ShardSize:393216, DataShards:1, ParityShards:4, RSTime:15.512µs, OtherTime:410.466283ms, TotalDataSize:16493, TotalDataAndParitySize:82465, RSRate:1.0632413615265601e+09, ToTalDataRate:40179.60852636873
rs_recon_time_diff:126.184µs, rs_recon_size_diff:16493, rs_recon_rate_diff:130599349.101649
recon_total_time_diff:0.258766311s, recon_getdata_time_diff:0.013455678s, recon_repin_time_diff:0.24531063300000003s, recon_total_size_diff:82465, recon_data_size_diff:65972, recon_repin_size_diff:16493, recon_total_rate_diff:318685.2248320686, recon_data_rate_diff:4.902911618426065e+06, recon_repin_rate_diff:67233.12315614137
Unpin File4:51.888171ms
ShardSize:393216, DataShards:1, ParityShards:4, RSTime:23.112µs, OtherTime:473.272834ms, TotalDataSize:32877, TotalDataAndParitySize:164385, RSRate:1.4225077881619937e+09, ToTalDataRate:69463.91208418085
rs_recon_time_diff:314µs, rs_recon_size_diff:32877, rs_recon_rate_diff:104673153.088904
recon_total_time_diff:0.079448307s, recon_getdata_time_diff:0.003037537s, recon_repin_time_diff:0.07641076999999999s, recon_total_size_diff:164385, recon_data_size_diff:131508, recon_repin_size_diff:32877, recon_total_rate_diff:2.0690812203210322e+06, recon_data_rate_diff:4.3294287444070645e+07, recon_repin_rate_diff:430266.57106059795
Unpin File5:51.553799ms
ShardSize:393216, DataShards:1, ParityShards:4, RSTime:14.685µs, OtherTime:1.224783062s, TotalDataSize:65645, TotalDataAndParitySize:328225, RSRate:4.470207694926796e+09, ToTalDataRate:53596.60125389202
rs_recon_time_diff:471.976µs, rs_recon_size_diff:65645, rs_recon_rate_diff:139068961.426344
recon_total_time_diff:0.459609783s, recon_getdata_time_diff:0.21256644s, recon_repin_time_diff:0.247043343s, recon_total_size_diff:328225, recon_data_size_diff:328225, recon_repin_size_diff:0, recon_total_rate_diff:714138.4107570226, recon_data_rate_diff:1.544105457098496e+06, recon_repin_rate_diff:0
Unpin File6:53.908553ms
ShardSize:393216, DataShards:1, ParityShards:4, RSTime:27.507µs, OtherTime:730.920124ms, TotalDataSize:131181, TotalDataAndParitySize:655905, RSRate:4.769004253462755e+09, ToTalDataRate:179466.99210386688
rs_recon_time_diff:731.599µs, rs_recon_size_diff:131181, rs_recon_rate_diff:179266322.840908
recon_total_time_diff:0.28056757s, recon_getdata_time_diff:0.202783522s, recon_repin_time_diff:0.077784048s, recon_total_size_diff:655905, recon_data_size_diff:655905, recon_repin_size_diff:0, recon_total_rate_diff:2.3377790954243215e+06, recon_data_rate_diff:3.234508373910184e+06, recon_repin_rate_diff:0
Unpin File7:52.160177ms
ShardSize:393216, DataShards:1, ParityShards:4, RSTime:39.442µs, OtherTime:1.881088578s, TotalDataSize:262253, TotalDataAndParitySize:1311265, RSRate:6.649079661274783e+09, ToTalDataRate:139412.6207919924
rs_recon_time_diff:2.890025ms, rs_recon_size_diff:262253, rs_recon_rate_diff:90739864.844993
recon_total_time_diff:0.276695462s, recon_getdata_time_diff:0.033351797s, recon_repin_time_diff:0.243343665s, recon_total_size_diff:1311265, recon_data_size_diff:1049012, recon_repin_size_diff:262253, recon_total_rate_diff:4.739018813398537e+06, recon_data_rate_diff:3.1452937903166056e+07, recon_repin_rate_diff:1.0777062965662165e+06
Unpin File8:51.83438ms
ShardSize:393216, DataShards:2, ParityShards:4, RSTime:91.117µs, OtherTime:1.365283043s, TotalDataSize:524490, TotalDataAndParitySize:1573874, RSRate:5.756225512253476e+09, ToTalDataRate:384136.4435069738
rs_recon_time_diff:1.416615ms, rs_recon_size_diff:524490, rs_recon_rate_diff:370217956.301449
recon_total_time_diff:0.429762375s, recon_getdata_time_diff:0.283342795s, recon_repin_time_diff:0.14641958s, recon_total_size_diff:1573874, recon_data_size_diff:1049384, recon_repin_size_diff:524490, recon_total_rate_diff:3.6621958820848386e+06, recon_data_rate_diff:3.7035845573556935e+06, recon_repin_rate_diff:3.582102885420106e+06
Unpin File9:58.087893ms
ShardSize:393216, DataShards:4, ParityShards:4, RSTime:220.728µs, OtherTime:1.30356561s, TotalDataSize:1048878, TotalDataAndParitySize:2098662, RSRate:4.751902794389475e+09, ToTalDataRate:804486.0710243854
rs_recon_time_diff:1.417559ms, rs_recon_size_diff:1048878, rs_recon_rate_diff:739856822.111102
recon_total_time_diff:1.126966246s, recon_getdata_time_diff:0.193382814s, recon_repin_time_diff:0.933583432s, recon_total_size_diff:2098662, recon_data_size_diff:1312230, recon_repin_size_diff:786432, recon_total_rate_diff:1.862222588696769e+06, recon_data_rate_diff:6.785659867375806e+06, recon_repin_rate_diff:842379.9877374001
Unpin File10:75.400812ms
ShardSize:393216, DataShards:8, ParityShards:4, RSTime:490.102µs, OtherTime:2.882716589s, TotalDataSize:2097656, TotalDataAndParitySize:3148248, RSRate:4.280039665212548e+09, ToTalDataRate:727542.6572605852
rs_recon_time_diff:1.366775ms, rs_recon_size_diff:2097656, rs_recon_rate_diff:1534595888.100981
recon_total_time_diff:2.301974406s, recon_getdata_time_diff:1.361568893s, recon_repin_time_diff:0.9404055129999997s, recon_total_size_diff:3148248, recon_data_size_diff:2361816, recon_repin_size_diff:786432, recon_total_rate_diff:1.3676294540001068e+06, recon_data_rate_diff:1.7346283483284602e+06, recon_repin_rate_diff:836269.0234462718
Unpin File11:119.268453ms
ShardSize:655360, DataShards:8, ParityShards:4, RSTime:3.098702ms, OtherTime:3.01622719s, TotalDataSize:4195208, TotalDataAndParitySize:6295976, RSRate:1.3538597774164796e+09, ToTalDataRate:1.3894518198955022e+06
rs_recon_time_diff:1.93237ms, rs_recon_size_diff:4195208, rs_recon_rate_diff:2170877632.737799
recon_total_time_diff:1.5584533569999999s, recon_getdata_time_diff:1.156082217s, recon_repin_time_diff:0.40237113999999985s, recon_total_size_diff:6295976, recon_data_size_diff:4722208, recon_repin_size_diff:1573768, recon_total_rate_diff:4.0398873483898565e+06, recon_data_rate_diff:4.084664507904977e+06, recon_repin_rate_diff:3.911234786868662e+06
Unpin File12:101.083925ms
ShardSize:1179648, DataShards:8, ParityShards:4, RSTime:7.36706ms, OtherTime:4.305917586s, TotalDataSize:8390313, TotalDataAndParitySize:12591437, RSRate:1.1388957060211265e+09, ToTalDataRate:1.945225863090971e+06
rs_recon_time_diff:18.827498ms, rs_recon_size_diff:8390313, rs_recon_rate_diff:445636949.456404
recon_total_time_diff:2.166318502s, recon_getdata_time_diff:1.187977712s, recon_repin_time_diff:0.9783407900000003s, recon_total_size_diff:12591437, recon_data_size_diff:9445709, recon_repin_size_diff:3145728, recon_total_rate_diff:5.81236645875261e+06, recon_data_rate_diff:7.95108267149039e+06, recon_repin_rate_diff:3.215370382338857e+06
Unpin File13:102.978542ms
ShardSize:1966080, DataShards:10, ParityShards:4, RSTime:29.229382ms, OtherTime:5.444059205s, TotalDataSize:16780521, TotalDataAndParitySize:24120553, RSRate:5.740977007314079e+08, ToTalDataRate:3.065888758272319e+06
rs_recon_time_diff:15.792085ms, rs_recon_size_diff:16780521, rs_recon_rate_diff:1062578820.257519
recon_total_time_diff:1.5847065599999999s, recon_getdata_time_diff:1.32854292s, recon_repin_time_diff:0.2561636399999998s, recon_total_size_diff:24120553, recon_data_size_diff:16780521, recon_repin_size_diff:7340032, recon_total_rate_diff:1.5220832429696007e+07, recon_data_rate_diff:1.2630770709312122e+07, recon_repin_rate_diff:2.8653684027912803e+07
Unpin File14:114.33677ms
ShardSize:3538944, DataShards:10, ParityShards:4, RSTime:57.337714ms, OtherTime:5.216570015s, TotalDataSize:33560937, TotalDataAndParitySize:47192425, RSRate:5.853204576659614e+08, ToTalDataRate:6.363580357556578e+06
rs_recon_time_diff:10.590238ms, rs_recon_size_diff:33560937, rs_recon_rate_diff:3168999158.671210
recon_total_time_diff:3.23979794s, recon_getdata_time_diff:2.742792278s, recon_repin_time_diff:0.49700566199999985s, recon_total_size_diff:47192425, recon_data_size_diff:33560937, recon_repin_size_diff:13631488, recon_total_rate_diff:1.4566471697923236e+07, recon_data_rate_diff:1.2236047647207208e+07, recon_repin_rate_diff:2.742722878678192e+07
Unpin File15:118.882483ms
ShardSize:6946816, DataShards:10, ParityShards:4, RSTime:88.62485ms, OtherTime:9.676731097s, TotalDataSize:67121888, TotalDataAndParitySize:94419704, RSRate:7.573709631102337e+08, ToTalDataRate:6.873470620026333e+06
rs_recon_time_diff:47.947143ms, rs_recon_size_diff:67121888, rs_recon_rate_diff:1399909154.458006
recon_total_time_diff:7.799322798s, recon_getdata_time_diff:6.30342931s, recon_repin_time_diff:1.495893488s, recon_total_size_diff:94419704, recon_data_size_diff:68192280, recon_repin_size_diff:26227424, recon_total_rate_diff:1.2106141320912154e+07, recon_data_rate_diff:1.0818282659538543e+07, recon_repin_rate_diff:1.753294884321336e+07
Unpin File16:120.801024ms
ShardSize:13762560, DataShards:10, ParityShards:4, RSTime:181.91196ms, OtherTime:13.632964662s, TotalDataSize:134243612, TotalDataAndParitySize:188804404, RSRate:7.379592413824797e+08, ToTalDataRate:9.717322461509462e+06
rs_recon_time_diff:116.509108ms, rs_recon_size_diff:134243612, rs_recon_rate_diff:1152213673.443742
recon_total_time_diff:24.346196082s, recon_getdata_time_diff:17.826524106s, recon_repin_time_diff:6.519671975999998s, recon_total_size_diff:188804404, recon_data_size_diff:134269742, recon_repin_size_diff:54534662, recon_total_rate_diff:7.754985763036294e+06, recon_data_rate_diff:7.532020331142843e+06, recon_repin_rate_diff:8.364632791458098e+06
Unpin File17:125.76396ms
ShardSize:27131904, DataShards:10, ParityShards:4, RSTime:276.14431ms, OtherTime:42.78345355s, TotalDataSize:268487122, TotalDataAndParitySize:376525290, RSRate:9.72271063633359e+08, ToTalDataRate:6.235244521702943e+06
rs_recon_time_diff:207.463818ms, rs_recon_size_diff:268487122, rs_recon_rate_diff:1294138547.073313
recon_total_time_diff:33.194894637s, recon_getdata_time_diff:23.526130176s, recon_repin_time_diff:9.668764460999999s, recon_total_size_diff:376525290, recon_data_size_diff:268513252, recon_repin_size_diff:108012038, recon_total_rate_diff:1.1342867453488283e+07, recon_data_rate_diff:1.1413405009291401e+07, recon_repin_rate_diff:1.1171234797959778e+07
Unpin File18:120.194273ms
ShardSize:53870592, DataShards:10, ParityShards:4, RSTime:386.169835ms, OtherTime:1m16.658084626s, TotalDataSize:536974138, TotalDataAndParitySize:752001898, RSRate:1.3905129021794257e+09, ToTalDataRate:6.969684389760616e+06
rs_recon_time_diff:56.662817ms, rs_recon_size_diff:536974138, rs_recon_rate_diff:9476630571.201328
recon_total_time_diff:78.884400041s, recon_getdata_time_diff:61.150732608s, recon_repin_time_diff:17.733667433000008s, recon_total_size_diff:752001898, recon_data_size_diff:537000268, recon_repin_size_diff:215001630, recon_total_rate_diff:9.532960859297257e+06, recon_data_rate_diff:8.781583557508308e+06, recon_repin_rate_diff:1.2123923650440767e+07
Unpin File19:125.682718ms
ShardSize:53870592, DataShards:20, ParityShards:8, RSTime:1.310527461s, OtherTime:2m24.039185903s, TotalDataSize:1073948171, TotalDataAndParitySize:1504003691, RSRate:8.194778079510995e+08, ToTalDataRate:7.388718870373901e+06
rs_recon_time_diff:535.345162ms, rs_recon_size_diff:1073948171, rs_recon_rate_diff:2007379758.878505
recon_total_time_diff:137.109051806s, recon_getdata_time_diff:98.09143947000001s, recon_repin_time_diff:39.017612335999985s, recon_total_size_diff:1504003691, recon_data_size_diff:1073974301, recon_repin_size_diff:430029390, recon_total_rate_diff:1.096939750650499e+07, recon_data_rate_diff:1.0948705685254635e+07, recon_repin_rate_diff:1.1021417361390645e+07
Unpin File20:249.061288ms