rs_recon_time_diff:5.432766ms, rs_recon_size_diff:1132, rs_recon_rate_diff:208360.329371
recon_total_time_diff:0.063925491s, recon_getdata_time_diff:0.016213959s, recon_repin_time_diff:0.047711532s, recon_total_size_diff:3396, recon_data_size_diff:2264, recon_repin_size_diff:1132, recon_total_rate_diff:53124.34753140965, recon_data_rate_diff:139632.7695166862, recon_repin_rate_diff:23725.920182148
rs_recon_time_diff:46.789µs, rs_recon_size_diff:2156, rs_recon_rate_diff:46000554.737673
recon_total_time_diff:0.085727282s, recon_getdata_time_diff:0.005452623s, recon_repin_time_diff:0.080274659s, recon_total_size_diff:6468, recon_data_size_diff:4312, recon_repin_size_diff:2156, recon_total_rate_diff:75448.56023780155, recon_data_rate_diff:790812.0550421329, recon_repin_rate_diff:26857.79082537118
rs_recon_time_diff:2.463078ms, rs_recon_size_diff:4204, rs_recon_rate_diff:1706682.082558
recon_total_time_diff:0.125465263s, recon_getdata_time_diff:0.04386092s, recon_repin_time_diff:0.081604343s, recon_total_size_diff:12612, recon_data_size_diff:8408, recon_repin_size_diff:4204, recon_total_rate_diff:100521.84723033659, recon_data_rate_diff:191696.84539220794, recon_repin_rate_diff:51516.86595896006
rs_recon_time_diff:745.351µs, rs_recon_size_diff:8300, rs_recon_rate_diff:11134498.028657
recon_total_time_diff:0.062754523s, recon_getdata_time_diff:0.012897695s, recon_repin_time_diff:0.049856828000000006s, recon_total_size_diff:24900, recon_data_size_diff:24900, recon_repin_size_diff:0, recon_total_rate_diff:396784.1489289943, recon_data_rate_diff:1.9305775179208377e+06, recon_repin_rate_diff:0
rs_recon_time_diff:220.982µs, rs_recon_size_diff:16493, rs_recon_rate_diff:74590820.078421
recon_total_time_diff:0.110150219s, recon_getdata_time_diff:0.010949711s, recon_repin_time_diff:0.09920050799999999s, recon_total_size_diff:49479, recon_data_size_diff:32986, recon_repin_size_diff:16493, recon_total_rate_diff:449195.6570690069, recon_data_rate_diff:3.012499599304493e+06, recon_repin_rate_diff:166259.22923701158
rs_recon_time_diff:235.801µs, rs_recon_size_diff:32877, rs_recon_rate_diff:139302829.105423
recon_total_time_diff:0.062069629s, recon_getdata_time_diff:0.008738294s, recon_repin_time_diff:0.053331335s, recon_total_size_diff:98631, recon_data_size_diff:98631, recon_repin_size_diff:0, recon_total_rate_diff:1.5890380140664284e+06, recon_data_rate_diff:1.1287214643956818e+07, recon_repin_rate_diff:0
rs_recon_time_diff:331.443µs, rs_recon_size_diff:65645, rs_recon_rate_diff:198015770.073059
recon_total_time_diff:0.137806443s, recon_getdata_time_diff:0.052692704s, recon_repin_time_diff:0.085113739s, recon_total_size_diff:196935, recon_data_size_diff:131290, recon_repin_size_diff:65645, recon_total_rate_diff:1.4290696117887609e+06, recon_data_rate_diff:2.491616296631883e+06, recon_repin_rate_diff:771262.087311192
rs_recon_time_diff:1.384422ms, rs_recon_size_diff:131181, rs_recon_rate_diff:94735838.659987
recon_total_time_diff:0.07308968s, recon_getdata_time_diff:0.013761988s, recon_repin_time_diff:0.059327692s, recon_total_size_diff:393543, recon_data_size_diff:393543, recon_repin_size_diff:0, recon_total_rate_diff:5.384385319514328e+06, recon_data_rate_diff:2.8596377209455498e+07, recon_repin_rate_diff:0
rs_recon_time_diff:818.579µs, rs_recon_size_diff:262253, rs_recon_rate_diff:320234693.628349
recon_total_time_diff:0.108911828s, recon_getdata_time_diff:0.056985835s, recon_repin_time_diff:0.051925993000000004s, recon_total_size_diff:786541, recon_data_size_diff:524288, recon_repin_size_diff:262253, recon_total_rate_diff:7.221814328559428e+06, recon_data_rate_diff:9.200321448303776e+06, recon_repin_rate_diff:5.050514874120943e+06
rs_recon_time_diff:294.989µs, rs_recon_size_diff:524490, rs_recon_rate_diff:1777149052.959713
recon_total_time_diff:0.139448863s, recon_getdata_time_diff:0.076150058s, recon_repin_time_diff:0.063298805s, recon_total_size_diff:1048778, recon_data_size_diff:1048576, recon_repin_size_diff:202, recon_total_rate_diff:7.520878818495637e+06, recon_data_rate_diff:1.3769864758343322e+07, recon_repin_rate_diff:3191.2134834141025
rs_recon_time_diff:1.076587ms, rs_recon_size_diff:1048878, rs_recon_rate_diff:974125553.291516
recon_total_time_diff:0.204579798s, recon_getdata_time_diff:0.116076804s, recon_repin_time_diff:0.088502994s, recon_total_size_diff:2097454, recon_data_size_diff:1573166, recon_repin_size_diff:524288, recon_total_rate_diff:1.02524981474466e+07, recon_data_rate_diff:1.3552802504796738e+07, recon_repin_rate_diff:5.923957781586463e+06
rs_recon_time_diff:1.082419ms, rs_recon_size_diff:2097656, rs_recon_rate_diff:1937432287.274672
recon_total_time_diff:0.166520774s, recon_getdata_time_diff:0.147135286s, recon_repin_time_diff:0.019385488000000006s, recon_total_size_diff:3670520, recon_data_size_diff:2884088, recon_repin_size_diff:786432, recon_total_rate_diff:2.204241496018989e+07, recon_data_rate_diff:1.960160664655248e+07, recon_repin_rate_diff:4.056807855443204e+07
rs_recon_time_diff:1.359905ms, rs_recon_size_diff:4195208, rs_recon_rate_diff:3083927177.350469
recon_total_time_diff:0.318681259s, recon_getdata_time_diff:0.157339834s, recon_repin_time_diff:0.16134142499999998s, recon_total_size_diff:6816648, recon_data_size_diff:4195208, recon_repin_size_diff:2621440, recon_total_rate_diff:2.139017531620835e+07, recon_data_rate_diff:2.6663355956000306e+07, recon_repin_rate_diff:1.6247780134581061e+07
rs_recon_time_diff:2.665856ms, rs_recon_size_diff:8390313, rs_recon_rate_diff:3146850809.955679
recon_total_time_diff:0.43618989s, recon_getdata_time_diff:0.192584099s, recon_repin_time_diff:0.24360579100000002s, recon_total_size_diff:13108905, recon_data_size_diff:8390313, recon_repin_size_diff:4718592, recon_total_rate_diff:3.0053206872814037e+07, recon_data_rate_diff:4.356700809447409e+07, recon_repin_rate_diff:1.936978583567416e+07
rs_recon_time_diff:8.010734ms, rs_recon_size_diff:16780521, rs_recon_rate_diff:2094712650.048796
recon_total_time_diff:0.863551366s, recon_getdata_time_diff:0.304603312s, recon_repin_time_diff:0.558948054s, recon_total_size_diff:25693417, recon_data_size_diff:16780521, recon_repin_size_diff:8912896, recon_total_rate_diff:2.9753200575679477e+07, recon_data_rate_diff:5.508975227426286e+07, recon_repin_rate_diff:1.5945839575281892e+07
rs_recon_time_diff:8.141002ms, rs_recon_size_diff:33560937, rs_recon_rate_diff:4122229410.401313
recon_total_time_diff:1.234449402s, recon_getdata_time_diff:0.589267973s, recon_repin_time_diff:0.6451814290000001s, recon_total_size_diff:50862441, recon_data_size_diff:33560937, recon_repin_size_diff:17301504, recon_total_rate_diff:4.120253200948936e+07, recon_data_rate_diff:5.695360776038646e+07, recon_repin_rate_diff:2.6816494124476727e+07
rs_recon_time_diff:19.693485ms, rs_recon_size_diff:67121888, rs_recon_rate_diff:3408272322.641788
recon_total_time_diff:2.254924028s, recon_getdata_time_diff:0.968428785s, recon_repin_time_diff:1.286495243s, recon_total_size_diff:101200608, recon_data_size_diff:67121888, recon_repin_size_diff:34078720, recon_total_rate_diff:4.4879830425932206e+07, recon_data_rate_diff:6.931009181020989e+07, recon_repin_rate_diff:2.648958104231404e+07
rs_recon_time_diff:36.123836ms, rs_recon_size_diff:134243612, rs_recon_rate_diff:3716163606.123056
recon_total_time_diff:5.285479069s, recon_getdata_time_diff:1.9314263619999998s, recon_repin_time_diff:3.354052707s, recon_total_size_diff:201876764, recon_data_size_diff:134759436, recon_repin_size_diff:67117328, recon_total_rate_diff:3.8194600974589534e+07, recon_data_rate_diff:6.97719771518786e+07, recon_repin_rate_diff:2.0010814934399895e+07
rs_recon_time_diff:103.354705ms, rs_recon_size_diff:268487122, rs_recon_rate_diff:2597721407.497293
recon_total_time_diff:7.215680492s, recon_getdata_time_diff:3.278988594s, recon_repin_time_diff:3.936691898s, recon_total_size_diff:402739690, recon_data_size_diff:268495832, recon_repin_size_diff:134243858, recon_total_rate_diff:5.58145126362671e+07, recon_data_rate_diff:8.188373466479951e+07, recon_repin_rate_diff:3.410067678097983e+07
rs_recon_time_diff:144.004089ms, rs_recon_size_diff:536974138, rs_recon_rate_diff:3728872613.771161
recon_total_time_diff:11.143155874s, recon_getdata_time_diff:5.752612748s, recon_repin_time_diff:5.390543126s, recon_total_size_diff:805476686, recon_data_size_diff:536990264, recon_repin_size_diff:268486422, recon_total_rate_diff:7.228443136826213e+07, recon_data_rate_diff:9.334719500920594e+07, recon_repin_rate_diff:4.9806933313457735e+07
rs_recon_time_diff:265.449436ms, rs_recon_size_diff:1073948171, rs_recon_rate_diff:8169837762.048
recon_total_time_diff:20.926258779s, recon_getdata_time_diff:4.4257115869999994s, recon_repin_time_diff:16.500547192000003s, recon_total_size_diff:1610935637, recon_data_size_diff:1073954188, recon_repin_size_diff:536981449, recon_total_rate_diff:7.698154046611582e+07, recon_data_rate_diff:2.4266248870681328e+08, recon_repin_rate_diff:3.254325100566034e+07