ShardSize:393216, DataShards:1, ParityShards:4, RSTime:10.637µs, OtherTime:393.310933ms, TotalDataSize:1132, TotalDataAndParitySize:5660, RSRate:1.0642098335996991e+08, ToTalDataRate:2878.0517798329847
rs_recon_time_diff:77.598µs, rs_recon_size_diff:1132, rs_recon_rate_diff:14573918.864985
archiving:0.081s, recon_total_time_diff:0.044488478s, recon_getdata_time_diff:0.001306168s, recon_repin_time_diff:0.04318231s, recon_total_size_diff:5660, recon_data_size_diff:4528, recon_repin_size_diff:1132, recon_total_rate_diff:127223.9522332052, recon_data_rate_diff:3.466629101310092e+06, recon_repin_rate_diff:26214.4382734504
Unpin File0:52.790664ms
ShardSize:393216, DataShards:1, ParityShards:4, RSTime:8.232µs, OtherTime:528.392726ms, TotalDataSize:2156, TotalDataAndParitySize:10780, RSRate:2.619047619047619e+08, ToTalDataRate:4080.233638568748
rs_recon_time_diff:65.214µs, rs_recon_size_diff:2156, rs_recon_rate_diff:33020385.033618
archiving:0.079s, recon_total_time_diff:0.083974981s, recon_getdata_time_diff:0.049630378s, recon_repin_time_diff:0.034344603s, recon_total_size_diff:10780, recon_data_size_diff:10780, recon_repin_size_diff:0, recon_total_rate_diff:128371.56819362662, recon_data_rate_diff:217205.6799567394, recon_repin_rate_diff:0
Unpin File1:57.59037ms
ShardSize:393216, DataShards:1, ParityShards:4, RSTime:13.408µs, OtherTime:687.977777ms, TotalDataSize:4204, TotalDataAndParitySize:21020, RSRate:3.135441527446301e+08, ToTalDataRate:6110.542430627702
rs_recon_time_diff:79.171µs, rs_recon_size_diff:4204, rs_recon_rate_diff:53039956.599084
archiving:0.035s, recon_total_time_diff:0.198638142s, recon_getdata_time_diff:0.167095338s, recon_repin_time_diff:0.03154280399999998s, recon_total_size_diff:21020, recon_data_size_diff:21020, recon_repin_size_diff:0, recon_total_rate_diff:105820.56290075448, recon_data_rate_diff:125796.44801340895, recon_repin_rate_diff:0
Unpin File2:60.082849ms
ShardSize:393216, DataShards:1, ParityShards:4, RSTime:5.431µs, OtherTime:668.263473ms, TotalDataSize:8300, TotalDataAndParitySize:41500, RSRate:1.5282636715153747e+09, ToTalDataRate:12420.14808093636
rs_recon_time_diff:449.81µs, rs_recon_size_diff:8300, rs_recon_rate_diff:18447970.056500
archiving:0.073s, recon_total_time_diff:0.177615135s, recon_getdata_time_diff:0.085268154s, recon_repin_time_diff:0.09234698100000001s, recon_total_size_diff:41500, recon_data_size_diff:41500, recon_repin_size_diff:0, recon_total_rate_diff:233651.25950555957, recon_data_rate_diff:486699.8762515722, recon_repin_rate_diff:0
Unpin File3:53.58429ms
ShardSize:393216, DataShards:1, ParityShards:4, RSTime:5.459µs, OtherTime:819.24505ms, TotalDataSize:16493, TotalDataAndParitySize:82465, RSRate:3.0212493130610003e+09, ToTalDataRate:20131.81368789953
rs_recon_time_diff:165.328µs, rs_recon_size_diff:16493, rs_recon_rate_diff:99694744.159338
archiving:0.043s, recon_total_time_diff:0.138987834s, recon_getdata_time_diff:0.05215704s, recon_repin_time_diff:0.086830794s, recon_total_size_diff:82465, recon_data_size_diff:65972, recon_repin_size_diff:16493, recon_total_rate_diff:593325.3121996275, recon_data_rate_diff:1.2648723930652505e+06, recon_repin_rate_diff:189944.13433556762
Unpin File4:54.073588ms
ShardSize:393216, DataShards:1, ParityShards:4, RSTime:8.477µs, OtherTime:500.107095ms, TotalDataSize:32877, TotalDataAndParitySize:164385, RSRate:3.8783767842397075e+09, ToTalDataRate:65738.79842877373
rs_recon_time_diff:183.045µs, rs_recon_size_diff:32877, rs_recon_rate_diff:179547812.790126
archiving:0.036s, recon_total_time_diff:0.093243042s, recon_getdata_time_diff:0.014398655s, recon_repin_time_diff:0.078844387s, recon_total_size_diff:164385, recon_data_size_diff:131508, recon_repin_size_diff:32877, recon_total_rate_diff:1.7629733701738303e+06, recon_data_rate_diff:9.133353080548149e+06, recon_repin_rate_diff:416985.9295120146
Unpin File5:54.912607ms
ShardSize:393216, DataShards:1, ParityShards:4, RSTime:11.486µs, OtherTime:701.344724ms, TotalDataSize:65645, TotalDataAndParitySize:328225, RSRate:5.715218526902316e+09, ToTalDataRate:93597.22186392834
rs_recon_time_diff:392.299µs, rs_recon_size_diff:65645, rs_recon_rate_diff:167289324.267846
archiving:0.227s, recon_total_time_diff:0.213878073s, recon_getdata_time_diff:0.122521783s, recon_repin_time_diff:0.09135629s, recon_total_size_diff:328225, recon_data_size_diff:262580, recon_repin_size_diff:65645, recon_total_rate_diff:1.5346360447150653e+06, recon_data_rate_diff:2.1431291119881924e+06, recon_repin_rate_diff:718560.2655274201
Unpin File6:51.242452ms
ShardSize:393216, DataShards:1, ParityShards:4, RSTime:20.65µs, OtherTime:715.140282ms, TotalDataSize:131181, TotalDataAndParitySize:655905, RSRate:6.352590799031477e+09, ToTalDataRate:183428.60245135202
rs_recon_time_diff:1.096151ms, rs_recon_size_diff:131181, rs_recon_rate_diff:119662633.853193
archiving:0.388s, recon_total_time_diff:0.109426002s, recon_getdata_time_diff:0.004291117s, recon_repin_time_diff:0.105134885s, recon_total_size_diff:655905, recon_data_size_diff:524724, recon_repin_size_diff:131181, recon_total_rate_diff:5.994050664484663e+06, recon_data_rate_diff:1.2228144793069032e+08, recon_repin_rate_diff:1.2477399865896082e+06
Unpin File7:60.002056ms
ShardSize:393216, DataShards:1, ParityShards:4, RSTime:398.926µs, OtherTime:1.444199145s, TotalDataSize:262253, TotalDataAndParitySize:1311265, RSRate:6.573976125898036e+08, ToTalDataRate:181540.45060371823
rs_recon_time_diff:968.988µs, rs_recon_size_diff:262253, rs_recon_rate_diff:270618354.576674
archiving:0.574s, recon_total_time_diff:0.329929085s, recon_getdata_time_diff:0.159010075s, recon_repin_time_diff:0.17091901s, recon_total_size_diff:1311265, recon_data_size_diff:1049012, recon_repin_size_diff:262253, recon_total_rate_diff:3.9743843741451288e+06, recon_data_rate_diff:6.59714172199466e+06, recon_repin_rate_diff:1.5343699919628599e+06
Unpin File8:53.329223ms
ShardSize:393216, DataShards:2, ParityShards:4, RSTime:92.185µs, OtherTime:966.637021ms, TotalDataSize:524490, TotalDataAndParitySize:1573874, RSRate:5.689537343385583e+09, ToTalDataRate:542540.6743774893
rs_recon_time_diff:2.430073ms, rs_recon_size_diff:524490, rs_recon_rate_diff:215827338.129496
archiving:0.683s, recon_total_time_diff:0.385834744s, recon_getdata_time_diff:0.269005124s, recon_repin_time_diff:0.11682962000000002s, recon_total_size_diff:1573874, recon_data_size_diff:1049384, recon_repin_size_diff:524490, recon_total_rate_diff:4.0791401616231846e+06, recon_data_rate_diff:3.900981454910874e+06, recon_repin_rate_diff:4.489358092579603e+06
Unpin File9:69.967391ms
ShardSize:393216, DataShards:4, ParityShards:4, RSTime:201.372µs, OtherTime:1.631720211s, TotalDataSize:1048878, TotalDataAndParitySize:2098662, RSRate:5.208658601990346e+09, ToTalDataRate:642725.7092888007
rs_recon_time_diff:1.280532ms, rs_recon_size_diff:1048878, rs_recon_rate_diff:819035378.010442
archiving:0.514s, recon_total_time_diff:0.451971504s, recon_getdata_time_diff:0.352977827s, recon_repin_time_diff:0.098993677s, recon_total_size_diff:2098662, recon_data_size_diff:1574072, recon_repin_size_diff:524590, recon_total_rate_diff:4.643350258648165e+06, recon_data_rate_diff:4.459407587661306e+06, recon_repin_rate_diff:5.299227343580742e+06
Unpin File10:88.118347ms
ShardSize:393216, DataShards:8, ParityShards:4, RSTime:881.507µs, OtherTime:1.996353524s, TotalDataSize:2097656, TotalDataAndParitySize:3148248, RSRate:2.3796248923718133e+09, ToTalDataRate:1.0502799432281766e+06
rs_recon_time_diff:1.141248ms, rs_recon_size_diff:2097656, rs_recon_rate_diff:1837895238.562527
archiving:0.57s, recon_total_time_diff:0.336101443s, recon_getdata_time_diff:0.236961225s, recon_repin_time_diff:0.099140218s, recon_total_size_diff:3148248, recon_data_size_diff:2099168, recon_repin_size_diff:1049080, recon_total_rate_diff:9.366957701517515e+06, recon_data_rate_diff:8.858698295470072e+06, recon_repin_rate_diff:1.058178024179854e+07
Unpin File11:150.579433ms
ShardSize:655360, DataShards:8, ParityShards:4, RSTime:1.713873ms, OtherTime:2.841045526s, TotalDataSize:4195208, TotalDataAndParitySize:6295976, RSRate:2.447793973065682e+09, ToTalDataRate:1.4757520010611268e+06
rs_recon_time_diff:2.116245ms, rs_recon_size_diff:4195208, rs_recon_rate_diff:1982301453.647160
archiving:0.714s, recon_total_time_diff:0.650862893s, recon_getdata_time_diff:0.404363074s, recon_repin_time_diff:0.246499819s, recon_total_size_diff:6295976, recon_data_size_diff:4721304, recon_repin_size_diff:1574672, recon_total_rate_diff:9.673275382131824e+06, recon_data_rate_diff:1.1675902928762482e+07, recon_repin_rate_diff:6.388126394526886e+06
Unpin File12:121.973602ms
ShardSize:1179648, DataShards:8, ParityShards:4, RSTime:7.373397ms, OtherTime:3.028412019s, TotalDataSize:8390313, TotalDataAndParitySize:12591437, RSRate:1.1379168923089316e+09, ToTalDataRate:2.7638029443341424e+06
rs_recon_time_diff:16.898598ms, rs_recon_size_diff:8390313, rs_recon_rate_diff:496504684.160535
archiving:0.89s, recon_total_time_diff:0.770679798s, recon_getdata_time_diff:0.448751821s, recon_repin_time_diff:0.321927977s, recon_total_size_diff:12591437, recon_data_size_diff:9444004, recon_repin_size_diff:3147433, recon_total_rate_diff:1.6338091426135968e+07, recon_data_rate_diff:2.1045048862319827e+07, recon_repin_rate_diff:9.77682346632458e+06
Unpin File13:119.369568ms
ShardSize:1966080, DataShards:10, ParityShards:4, RSTime:16.843434ms, OtherTime:3.51991046s, TotalDataSize:16780521, TotalDataAndParitySize:24120553, RSRate:9.962648353061495e+08, ToTalDataRate:4.744610697381353e+06
rs_recon_time_diff:3.033678ms, rs_recon_size_diff:16780521, rs_recon_rate_diff:5531309271.017169
archiving:1.417s, recon_total_time_diff:1.275637238s, recon_getdata_time_diff:0.864579596s, recon_repin_time_diff:0.41105764200000006s, recon_total_size_diff:24120553, recon_data_size_diff:16780521, recon_repin_size_diff:7340032, recon_total_rate_diff:1.8908630354674548e+07, recon_data_rate_diff:1.940887927223302e+07, recon_repin_rate_diff:1.785645430233845e+07
Unpin File14:108.613981ms
ShardSize:3538944, DataShards:10, ParityShards:4, RSTime:19.572481ms, OtherTime:5.260632901s, TotalDataSize:33560937, TotalDataAndParitySize:47192425, RSRate:1.7147001956471436e+09, ToTalDataRate:6.355990776804299e+06
rs_recon_time_diff:6.522711ms, rs_recon_size_diff:33560937, rs_recon_rate_diff:5145117387.726969
archiving:2.926s, recon_total_time_diff:2.393521261s, recon_getdata_time_diff:2.062599851s, recon_repin_time_diff:0.3309214100000002s, recon_total_size_diff:47192425, recon_data_size_diff:33560937, recon_repin_size_diff:13631488, recon_total_rate_diff:1.971673524231962e+07, recon_data_rate_diff:1.6271181724234499e+07, recon_repin_rate_diff:4.1192523626682214e+07
Unpin File15:106.751337ms
ShardSize:6946816, DataShards:10, ParityShards:4, RSTime:48.913352ms, OtherTime:7.249706231s, TotalDataSize:67121888, TotalDataAndParitySize:94419704, RSRate:1.3722610546093836e+09, ToTalDataRate:9.196518039335707e+06
rs_recon_time_diff:64.756091ms, rs_recon_size_diff:67121888, rs_recon_rate_diff:1036531535.654408
archiving:3.612s, recon_total_time_diff:10.130793967s, recon_getdata_time_diff:8.379203166s, recon_repin_time_diff:1.7515908010000008s, recon_total_size_diff:94419704, recon_data_size_diff:67130598, recon_repin_size_diff:27289106, recon_total_rate_diff:9.320069513560565e+06, recon_data_rate_diff:8.011573018350179e+06, recon_repin_rate_diff:1.5579612535313828e+07
Unpin File16:100.361471ms
ShardSize:13762560, DataShards:10, ParityShards:4, RSTime:73.939198ms, OtherTime:21.779821672s, TotalDataSize:134243612, TotalDataAndParitySize:188804404, RSRate:1.8155946457520409e+09, ToTalDataRate:6.142815062901778e+06
rs_recon_time_diff:109.297004ms, rs_recon_size_diff:134243612, rs_recon_rate_diff:1228244317.461981
archiving:4.028s, recon_total_time_diff:13.455685046s, recon_getdata_time_diff:9.828190324s, recon_repin_time_diff:3.627494722s, recon_total_size_diff:188804404, recon_data_size_diff:134261032, recon_repin_size_diff:54543372, recon_total_rate_diff:1.4031571291580305e+07, recon_data_rate_diff:1.3660809118860936e+07, recon_repin_rate_diff:1.5036099616963137e+07
Unpin File17:105.199987ms
ShardSize:27131904, DataShards:10, ParityShards:4, RSTime:148.772142ms, OtherTime:46.956343594s, TotalDataSize:268487122, TotalDataAndParitySize:376525290, RSRate:1.8046868075610554e+09, ToTalDataRate:5.699744438263522e+06
rs_recon_time_diff:105.658811ms, rs_recon_size_diff:268487122, rs_recon_rate_diff:2541072222.449526
archiving:13.707s, recon_total_time_diff:38.887408682s, recon_getdata_time_diff:27.075137109s, recon_repin_time_diff:11.812271573s, recon_total_size_diff:376525290, recon_data_size_diff:268495832, recon_repin_size_diff:108029458, recon_total_rate_diff:9.68244742350971e+06, recon_data_rate_diff:9.91669334559897e+06, recon_repin_rate_diff:9.145527795596002e+06
Unpin File18:99.690372ms
ShardSize:53870592, DataShards:10, ParityShards:4, RSTime:253.530504ms, OtherTime:1m3.213631232s, TotalDataSize:536974138, TotalDataAndParitySize:752001898, RSRate:2.1179863153666117e+09, ToTalDataRate:8.46066094642378e+06
rs_recon_time_diff:56.662817ms, rs_recon_size_diff:536974138, rs_recon_rate_diff:9476630571.201328
archiving:19.817s, recon_total_time_diff:78.884400041s, recon_getdata_time_diff:61.150732608s, recon_repin_time_diff:17.733667433000008s, recon_total_size_diff:752001898, recon_data_size_diff:537000268, recon_repin_size_diff:215001630, recon_total_rate_diff:9.532960859297257e+06, recon_data_rate_diff:8.781583557508308e+06, recon_repin_rate_diff:1.2123923650440767e+07
Unpin File19:708.021321ms
ShardSize:53870592, DataShards:20, ParityShards:8, RSTime:771.899623ms, OtherTime:2m24.039185903s, TotalDataSize:1073948171, TotalDataAndParitySize:1504003691, RSRate:1.3913054741833963e+09, ToTalDataRate:7.388718870373901e+06
rs_recon_time_diff:535.345162ms, rs_recon_size_diff:1073948171, rs_recon_rate_diff:2007379758.878505
archiving:25.944s, recon_total_time_diff:129.260817775s, recon_getdata_time_diff:90.252832911s, recon_repin_time_diff:39.007984863999994s, recon_total_size_diff:1504003691, recon_data_size_diff:1073983011, recon_repin_size_diff:430020680, recon_total_rate_diff:1.1635418349417912e+07, recon_data_rate_diff:1.1899715237294264e+07, recon_repin_rate_diff:1.1023914244718162e+07
Unpin File20:200.717035ms