OtherTime:186.654437ms, TotalDataSize:1132, ToTalDataRate:6064.680709106256, ipfsget:0.00364s
Unpin File0:26.547131ms
OtherTime:347.824545ms, TotalDataSize:2156, ToTalDataRate:6198.526587804982, ipfsget:0.00464s
Unpin File1:25.177716ms
OtherTime:65.70453ms, TotalDataSize:4204, ToTalDataRate:63983.29688943771, ipfsget:0.00313s
Unpin File2:28.572695ms
OtherTime:144.981537ms, TotalDataSize:8300, ToTalDataRate:57248.65107348601, ipfsget:0.00422s
Unpin File3:26.371489ms
OtherTime:366.301869ms, TotalDataSize:16493, ToTalDataRate:45025.69889607541, ipfsget:0.00445s
Unpin File4:21.139764ms
OtherTime:305.133863ms, TotalDataSize:32877, ToTalDataRate:107746.13535747456, ipfsget:0.00791s
Unpin File5:29.633227ms
OtherTime:382.719203ms, TotalDataSize:65645, ToTalDataRate:171522.59469400047, ipfsget:0.01085s
Unpin File6:25.620344ms
OtherTime:458.855715ms, TotalDataSize:131181, ToTalDataRate:285887.1660251562, ipfsget:0.00864s
Unpin File7:25.753446ms
OtherTime:509.980221ms, TotalDataSize:262253, ToTalDataRate:514241.3669200774, ipfsget:0.00928s
Unpin File8:28.12968ms
OtherTime:810.434232ms, TotalDataSize:524490, ToTalDataRate:647171.5339052178, ipfsget:0.01457s
Unpin File9:26.14148ms
OtherTime:606.121007ms, TotalDataSize:1048878, ToTalDataRate:1.7304760981608268e+06, ipfsget:0.0291s
Unpin File10:24.984757ms
OtherTime:1.507986711s, TotalDataSize:2097656, ToTalDataRate:1.3910307649866084e+06, ipfsget:0.0783s
Unpin File11:30.23409ms
OtherTime:794.379482ms, TotalDataSize:4195208, ToTalDataRate:5.281112914275229e+06, ipfsget:0.2166s
Unpin File12:21.807494ms
OtherTime:1.879730093s, TotalDataSize:8390313, ToTalDataRate:4.463573133375781e+06, ipfsget:0.3332s
Unpin File13:29.883931ms
OtherTime:4.865925746s, TotalDataSize:16780521, ToTalDataRate:3.448577250652463e+06, ipfsget:0.8664s
Unpin File14:25.026025ms
OtherTime:9.956564926s, TotalDataSize:33560937, ToTalDataRate:3.3707344463040754e+06, ipfsget:1.9329s
Unpin File15:30.499875ms
OtherTime:20.338333028s, TotalDataSize:67121888, ToTalDataRate:3.300264943992872e+06, ipfsget:2.5658s
Unpin File16:33.767089ms
OtherTime:40.702708073s, TotalDataSize:134243612, ToTalDataRate:3.2981493898329767e+06, ipfsget:5.7317s
Unpin File17:32.925046ms
OtherTime:1m22.043255707s, TotalDataSize:268487122, ToTalDataRate:3.2725069168340485e+06, ipfsget:9.4635s
Unpin File18:46.317489ms
OtherTime:2m58.017422609s, TotalDataSize:536974138, ToTalDataRate:3.016413392516995e+06, ipfsget:17.927s
Unpin File19:85.827351ms
OtherTime:6m25.930089474s, TotalDataSize:1073948171, ToTalDataRate:2.782753146127011e+06, ipfsget:36.854s
Unpin File0:98.288689ms